<?xml version="1.0" encoding="UTF-8"?><testsuite errors="0" failures="0" name="com.restful.booker.testsuit.BookingCrudTest" skipped="0" tests="6" time="7.49" timestamp="2023-01-03T21:58:49.859Z[Europe/London]"><testcase classname="com.restful.booker.testsuit.BookingCrudTest" name="This method will create a Tokken"/><testcase classname="com.restful.booker.testsuit.BookingCrudTest" name="This method will create a booking"/><testcase classname="com.restful.booker.testsuit.BookingCrudTest" name="This method will verify new Booking ID creation"/><testcase classname="com.restful.booker.testsuit.BookingCrudTest" name="This method will get booking with Id"/><testcase classname="com.restful.booker.testsuit.BookingCrudTest" name="This method will updated a booking with ID"/><testcase classname="com.restful.booker.testsuit.BookingCrudTest" name="This method will delete a booking with ID"/></testsuite>